<?xml version="1.0" encoding="UTF-8"?>
<testsuite xmlns:xsi="http://www.w3.org/2001/XMLSchema-instance" xsi:noNamespaceSchemaLocation="https://maven.apache.org/surefire/maven-surefire-plugin/xsd/surefire-test-report.xsd" version="3.0.2" name="ProductServiceTest" time="0.418" tests="8" errors="0" skipped="0" failures="0">
  <properties>
[...]
</properties>
  <testcase name="testIsOutOfStock" classname="ProductServiceTest" time="0.019"/>
  <testcase name="testApplyPromotion" classname="ProductServiceTest" time="0.004"/>
  <testcase name="testApplyInvalidPromotion" classname="ProductServiceTest" time="0.009"/>
  <testcase name="testUpdatePrice" classname="ProductServiceTest" time="0.001"/>
  <testcase name="testRestockInvalidQuantity" classname="ProductServiceTest" time="0.004"/>
  <testcase name="testRestock" classname="ProductServiceTest" time="0.004"/>
  <testcase name="testIsInStock" classname="ProductServiceTest" time="0.001"/>
  <testcase name="testUpdateInvalidPrice" classname="ProductServiceTest" time="0.0"/>
</testsuite>